<!DOCTYPE html>

<html>
  <head>
  <title>TestNG new reports</title>

    <link type="text/css" href="testng-reports.css" rel="stylesheet" />  
    <script type="text/javascript" src="jquery-1.7.1.min.js"></script>
    <script type="text/javascript" src="testng-reports.js"></script>
    <script type="text/javascript" src="https://www.google.com/jsapi"></script>
    <script type='text/javascript'>
      google.load('visualization', '1', {packages:['table']});
      google.setOnLoadCallback(drawTable);
      var suiteTableInitFunctions = new Array();
      var suiteTableData = new Array();
    </script>
    <!--
      <script type="text/javascript" src="jquery-ui/js/jquery-ui-1.8.16.custom.min.js"></script>
     -->
  </head>

  <body>
    <div class="top-banner-root">
      <span class="top-banner-title-font">Test results</span>
      <br/>
      <span class="top-banner-font-1">1 suite, 1 failed test</span>
    </div> <!-- top-banner-root -->
    <div class="navigator-root">
      <div class="navigator-suite-header">
        <span>All suites</span>
        <a href="#" class="collapse-all-link" title="Collapse/expand all the suites">
          <img class="collapse-all-icon" src="collapseall.gif">
          </img> <!-- collapse-all-icon -->
        </a> <!-- collapse-all-link -->
      </div> <!-- navigator-suite-header -->
      <div class="suite">
        <div class="rounded-window">
          <div class="suite-header light-rounded-window-top">
            <a href="#" class="navigator-link" panel-name="suite-Suite">
              <span class="suite-name border-failed">Suite</span>
            </a> <!-- navigator-link -->
          </div> <!-- suite-header light-rounded-window-top -->
          <div class="navigator-suite-content">
            <div class="suite-section-title">
              <span>Info</span>
            </div> <!-- suite-section-title -->
            <div class="suite-section-content">
              <ul>
                <li>
                  <a href="#" class="navigator-link " panel-name="test-xml-Suite">
                    <span>G:\Eclipse\Workspace\Dropbox\LogicWorkSpace\SeleniumFrameworkBasic\testng.xml</span>
                  </a> <!-- navigator-link  -->
                </li>
                <li>
                  <a href="#" class="navigator-link " panel-name="testlist-Suite">
                    <span class="test-stats">1 test</span>
                  </a> <!-- navigator-link  -->
                </li>
                <li>
                  <a href="#" class="navigator-link " panel-name="group-Suite">
                    <span>0 groups</span>
                  </a> <!-- navigator-link  -->
                </li>
                <li>
                  <a href="#" class="navigator-link " panel-name="times-Suite">
                    <span>Times</span>
                  </a> <!-- navigator-link  -->
                </li>
                <li>
                  <a href="#" class="navigator-link " panel-name="reporter-Suite">
                    <span>Reporter output</span>
                  </a> <!-- navigator-link  -->
                </li>
                <li>
                  <a href="#" class="navigator-link " panel-name="ignored-methods-Suite">
                    <span>Ignored methods</span>
                  </a> <!-- navigator-link  -->
                </li>
                <li>
                  <a href="#" class="navigator-link " panel-name="chronological-Suite">
                    <span>Chronological view</span>
                  </a> <!-- navigator-link  -->
                </li>
              </ul>
            </div> <!-- suite-section-content -->
            <div class="result-section">
              <div class="suite-section-title">
                <span>Results</span>
              </div> <!-- suite-section-title -->
              <div class="suite-section-content">
                <ul>
                  <li>
                    <span class="method-stats">1 method, 1 failed,   </span>
                  </li>
                  <li>
                    <span class="method-list-title failed">Failed methods</span>
                    <span class="show-or-hide-methods failed">
                      <a href="#" panel-name="suite-Suite" class="hide-methods failed suite-Suite"> (hide)</a> <!-- hide-methods failed suite-Suite -->
                      <a href="#" panel-name="suite-Suite" class="show-methods failed suite-Suite"> (show)</a> <!-- show-methods failed suite-Suite -->
                    </span>
                    <div class="method-list-content failed suite-Suite">
                      <span>
                        <img width="3%" src="failed.png"/>
                        <a href="#" class="method navigator-link" panel-name="suite-Suite" title="com.clogic.SeleniumFramework.ClassTest" hash-for-method="searchLeadTest">searchLeadTest</a> <!-- method navigator-link -->
                      </span>
                      <br/>
                    </div> <!-- method-list-content failed suite-Suite -->
                  </li>
                </ul>
              </div> <!-- suite-section-content -->
            </div> <!-- result-section -->
          </div> <!-- navigator-suite-content -->
        </div> <!-- rounded-window -->
      </div> <!-- suite -->
    </div> <!-- navigator-root -->
    <div class="wrapper">
      <div class="main-panel-root">
        <div panel-name="suite-Suite" class="panel Suite">
          <div class="suite-Suite-class-failed">
            <div class="main-panel-header rounded-window-top">
              <img src="failed.png"/>
              <span class="class-name">com.clogic.SeleniumFramework.ClassTest</span>
            </div> <!-- main-panel-header rounded-window-top -->
            <div class="main-panel-content rounded-window-bottom">
              <div class="method">
                <div class="method-content">
                  <a name="searchLeadTest">
                  </a> <!-- searchLeadTest -->
                  <span class="method-name">searchLeadTest</span>
                  <div class="stack-trace"><b>"org.openqa.selenium.WebDriverException: Session not found: fbb06980-2f0e-426c-a97c-d0f9c1dc6483
Command duration or timeout: 18 milliseconds
Build info: version: &apos;2.24.1&apos;, revision: &apos;17205&apos;, time: &apos;2012-06-19 16:53:24&apos;
System info: os.name: &apos;Windows Vista&apos;, os.arch: &apos;x86&apos;, os.version: &apos;6.0&apos;, java.version: &apos;1.6.0_33&apos;
Driver info: driver.version: FirefoxDriver
Session ID: fbb06980-2f0e-426c-a97c-d0f9c1dc6483
	at org.openqa.selenium.remote.ErrorHandler.createThrowable(ErrorHandler.java:188)
	at org.openqa.selenium.remote.ErrorHandler.throwIfResponseFailed(ErrorHandler.java:145)
	at org.openqa.selenium.remote.RemoteWebDriver.execute(RemoteWebDriver.java:472)
	at org.openqa.selenium.firefox.FirefoxDriver$$EnhancerByCGLIB$$bfbd1dfe.CGLIB$execute$55(&lt;generated&gt;)
	at org.openqa.selenium.firefox.FirefoxDriver$$EnhancerByCGLIB$$bfbd1dfe$$FastClassByCGLIB$$a3c9de78.invoke(&lt;generated&gt;)
	at net.sf.cglib.proxy.MethodProxy.invokeSuper(MethodProxy.java:167)
	at org.openqa.selenium.remote.Augmenter$CompoundHandler.intercept(Augmenter.java:261)
	at org.openqa.selenium.firefox.FirefoxDriver$$EnhancerByCGLIB$$bfbd1dfe.execute(&lt;generated&gt;)
	at org.openqa.selenium.remote.RemoteWebDriver.execute(RemoteWebDriver.java:476)
	at org.openqa.selenium.firefox.FirefoxDriver$$EnhancerByCGLIB$$bfbd1dfe.CGLIB$execute$54(&lt;generated&gt;)
	at org.openqa.selenium.firefox.FirefoxDriver$$EnhancerByCGLIB$$bfbd1dfe$$FastClassByCGLIB$$a3c9de78.invoke(&lt;generated&gt;)
	at net.sf.cglib.proxy.MethodProxy.invokeSuper(MethodProxy.java:167)
	at org.openqa.selenium.remote.Augmenter$CompoundHandler.intercept(Augmenter.java:261)
	at org.openqa.selenium.firefox.FirefoxDriver$$EnhancerByCGLIB$$bfbd1dfe.execute(&lt;generated&gt;)
	at org.openqa.selenium.firefox.FirefoxDriver.getScreenshotAs(FirefoxDriver.java:285)
	at org.openqa.selenium.firefox.FirefoxDriver$$EnhancerByCGLIB$$bfbd1dfe.CGLIB$getScreenshotAs$1(&lt;generated&gt;)
	at org.openqa.selenium.firefox.FirefoxDriver$$EnhancerByCGLIB$$bfbd1dfe$$FastClassByCGLIB$$a3c9de78.invoke(&lt;generated&gt;)
	at net.sf.cglib.proxy.MethodProxy.invokeSuper(MethodProxy.java:167)
	at org.openqa.selenium.remote.Augmenter$CompoundHandler.intercept(Augmenter.java:261)
	at org.openqa.selenium.firefox.FirefoxDriver$$EnhancerByCGLIB$$bfbd1dfe.getScreenshotAs(&lt;generated&gt;)
	at com.clogic.SeleniumFramework.BasicSetUp.captureScreen(BasicSetUp.java:122)
	at com.clogic.SeleniumFramework.LogInPage.login(LogInPage.java:67)
	at com.clogic.SeleniumFramework.ClassTest.login(ClassTest.java:77)
	at com.clogic.SeleniumFramework.ClassTest.searchLeadTest(ClassTest.java:400)
Caused by: org.openqa.selenium.remote.ErrorHandler$UnknownServerException: Session not found: fbb06980-2f0e-426c-a97c-d0f9c1dc6483
Build info: version: &apos;2.24.1&apos;, revision: &apos;17205&apos;, time: &apos;2012-06-19 16:53:24&apos;
System info: os.name: &apos;Windows Vista&apos;, os.arch: &apos;x86&apos;, os.version: &apos;6.0&apos;, java.version: &apos;1.6.0_33&apos;
Driver info: driver.version: unknown
	at &lt;anonymous class&gt;.&lt;anonymous method&gt;(file:///C:/Users/I3CLOGIC/AppData/Local/Temp/anonymous7524769907557674683webdriver-profile/extensions/fxdriver@googlecode.com/components/command_processor.js:10101)
	at &lt;anonymous class&gt;.&lt;anonymous method&gt;(file:///C:/Users/I3CLOGIC/AppData/Local/Temp/anonymous7524769907557674683webdriver-profile/extensions/fxdriver@googlecode.com/components/driver_component.js:5752)
	at &lt;anonymous class&gt;.&lt;anonymous method&gt;(file:///C:/Users/I3CLOGIC/AppData/Local/Temp/anonymous7524769907557674683webdriver-profile/extensions/fxdriver@googlecode.com/components/driver_component.js:5909)
	at &lt;anonymous class&gt;.&lt;anonymous method&gt;(file:///C:/Users/I3CLOGIC/AppData/Local/Temp/anonymous7524769907557674683webdriver-profile/extensions/fxdriver@googlecode.com/components/driver_component.js:5856)
	at &lt;anonymous class&gt;.&lt;anonymous method&gt;(file:///C:/Users/I3CLOGIC/AppData/Local/Temp/anonymous7524769907557674683webdriver-profile/extensions/fxdriver@googlecode.com/components/driver_component.js:9914)
	at &lt;anonymous class&gt;.&lt;anonymous method&gt;(file:///C:/Users/I3CLOGIC/AppData/Local/Temp/anonymous7524769907557674683webdriver-profile/extensions/fxdriver@googlecode.com/components/httpd.js:1935)
	at &lt;anonymous class&gt;.&lt;anonymous method&gt;(file:///C:/Users/I3CLOGIC/AppData/Local/Temp/anonymous7524769907557674683webdriver-profile/extensions/fxdriver@googlecode.com/components/httpd.js:2261)
	at &lt;anonymous class&gt;.&lt;anonymous method&gt;(file:///C:/Users/I3CLOGIC/AppData/Local/Temp/anonymous7524769907557674683webdriver-profile/extensions/fxdriver@googlecode.com/components/httpd.js:1168)
	at &lt;anonymous class&gt;.&lt;anonymous method&gt;(file:///C:/Users/I3CLOGIC/AppData/Local/Temp/anonymous7524769907557674683webdriver-profile/extensions/fxdriver@googlecode.com/components/httpd.js:1616)
	at &lt;anonymous class&gt;.&lt;anonymous method&gt;(file:///C:/Users/I3CLOGIC/AppData/Local/Temp/anonymous7524769907557674683webdriver-profile/extensions/fxdriver@googlecode.com/components/httpd.js:1464)
	at &lt;anonymous class&gt;.&lt;anonymous method&gt;(file:///C:/Users/I3CLOGIC/AppData/Local/Temp/anonymous7524769907557674683webdriver-profile/extensions/fxdriver@googlecode.com/components/httpd.js:1333)
... Removed 28 stack frames<br/> org.openqa.selenium.WebDriverException: Session not found: fbb06980-2f0e-426c-a97c-d0f9c1dc6483
Command duration or timeout: 18 milliseconds
Build info: version: &apos;2.24.1&apos;, revision: &apos;17205&apos;, time: &apos;2012-06-19 16:53:24&apos;
System info: os.name: &apos;Windows Vista&apos;, os.arch: &apos;x86&apos;, os.version: &apos;6.0&apos;, java.version: &apos;1.6.0_33&apos;
Driver info: driver.version: FirefoxDriver
Session ID: fbb06980-2f0e-426c-a97c-d0f9c1dc6483
	at sun.reflect.NativeConstructorAccessorImpl.newInstance0(Native Method)
	at sun.reflect.NativeConstructorAccessorImpl.newInstance(NativeConstructorAccessorImpl.java:39)
	at sun.reflect.DelegatingConstructorAccessorImpl.newInstance(DelegatingConstructorAccessorImpl.java:27)
	at java.lang.reflect.Constructor.newInstance(Constructor.java:513)
	at org.openqa.selenium.remote.ErrorHandler.createThrowable(ErrorHandler.java:188)
	at org.openqa.selenium.remote.ErrorHandler.throwIfResponseFailed(ErrorHandler.java:145)
	at org.openqa.selenium.remote.RemoteWebDriver.execute(RemoteWebDriver.java:472)
	at org.openqa.selenium.firefox.FirefoxDriver$$EnhancerByCGLIB$$bfbd1dfe.CGLIB$execute$55(&lt;generated&gt;)
	at org.openqa.selenium.firefox.FirefoxDriver$$EnhancerByCGLIB$$bfbd1dfe$$FastClassByCGLIB$$a3c9de78.invoke(&lt;generated&gt;)
	at net.sf.cglib.proxy.MethodProxy.invokeSuper(MethodProxy.java:167)
	at org.openqa.selenium.remote.Augmenter$CompoundHandler.intercept(Augmenter.java:261)
	at org.openqa.selenium.firefox.FirefoxDriver$$EnhancerByCGLIB$$bfbd1dfe.execute(&lt;generated&gt;)
	at org.openqa.selenium.remote.RemoteWebDriver.execute(RemoteWebDriver.java:476)
	at org.openqa.selenium.firefox.FirefoxDriver$$EnhancerByCGLIB$$bfbd1dfe.CGLIB$execute$54(&lt;generated&gt;)
	at org.openqa.selenium.firefox.FirefoxDriver$$EnhancerByCGLIB$$bfbd1dfe$$FastClassByCGLIB$$a3c9de78.invoke(&lt;generated&gt;)
	at net.sf.cglib.proxy.MethodProxy.invokeSuper(MethodProxy.java:167)
	at org.openqa.selenium.remote.Augmenter$CompoundHandler.intercept(Augmenter.java:261)
	at org.openqa.selenium.firefox.FirefoxDriver$$EnhancerByCGLIB$$bfbd1dfe.execute(&lt;generated&gt;)
	at org.openqa.selenium.firefox.FirefoxDriver.getScreenshotAs(FirefoxDriver.java:285)
	at org.openqa.selenium.firefox.FirefoxDriver$$EnhancerByCGLIB$$bfbd1dfe.CGLIB$getScreenshotAs$1(&lt;generated&gt;)
	at org.openqa.selenium.firefox.FirefoxDriver$$EnhancerByCGLIB$$bfbd1dfe$$FastClassByCGLIB$$a3c9de78.invoke(&lt;generated&gt;)
	at net.sf.cglib.proxy.MethodProxy.invokeSuper(MethodProxy.java:167)
	at org.openqa.selenium.remote.Augmenter$CompoundHandler.intercept(Augmenter.java:261)
	at org.openqa.selenium.firefox.FirefoxDriver$$EnhancerByCGLIB$$bfbd1dfe.getScreenshotAs(&lt;generated&gt;)
	at com.clogic.SeleniumFramework.BasicSetUp.captureScreen(BasicSetUp.java:122)
	at com.clogic.SeleniumFramework.LogInPage.login(LogInPage.java:67)
	at com.clogic.SeleniumFramework.ClassTest.login(ClassTest.java:77)
	at com.clogic.SeleniumFramework.ClassTest.searchLeadTest(ClassTest.java:400)
	at sun.reflect.NativeMethodAccessorImpl.invoke0(Native Method)
	at sun.reflect.NativeMethodAccessorImpl.invoke(NativeMethodAccessorImpl.java:39)
	at sun.reflect.DelegatingMethodAccessorImpl.invoke(DelegatingMethodAccessorImpl.java:25)
	at java.lang.reflect.Method.invoke(Method.java:597)
	at org.testng.internal.MethodInvocationHelper.invokeMethod(MethodInvocationHelper.java:80)
	at org.testng.internal.Invoker.invokeMethod(Invoker.java:715)
	at org.testng.internal.Invoker.invokeTestMethod(Invoker.java:907)
	at org.testng.internal.Invoker.invokeTestMethods(Invoker.java:1237)
	at org.testng.internal.TestMethodWorker.invokeTestMethods(TestMethodWorker.java:127)
	at org.testng.internal.TestMethodWorker.run(TestMethodWorker.java:111)
	at org.testng.TestRunner.privateRun(TestRunner.java:767)
	at org.testng.TestRunner.run(TestRunner.java:617)
	at org.testng.SuiteRunner.runTest(SuiteRunner.java:334)
	at org.testng.SuiteRunner.runSequentially(SuiteRunner.java:329)
	at org.testng.SuiteRunner.privateRun(SuiteRunner.java:291)
	at org.testng.SuiteRunner.run(SuiteRunner.java:240)
	at org.testng.SuiteRunnerWorker.runSuite(SuiteRunnerWorker.java:51)
	at org.testng.SuiteRunnerWorker.run(SuiteRunnerWorker.java:85)
	at org.testng.TestNG.runSuitesSequentially(TestNG.java:1197)
	at org.testng.TestNG.runSuitesLocally(TestNG.java:1122)
	at org.testng.TestNG.run(TestNG.java:1030)
	at org.testng.remote.RemoteTestNG.run(RemoteTestNG.java:111)
	at org.testng.remote.RemoteTestNG.initAndRun(RemoteTestNG.java:204)
	at org.testng.remote.RemoteTestNG.main(RemoteTestNG.java:175)
Caused by: org.openqa.selenium.remote.ErrorHandler$UnknownServerException: Session not found: fbb06980-2f0e-426c-a97c-d0f9c1dc6483
Build info: version: &apos;2.24.1&apos;, revision: &apos;17205&apos;, time: &apos;2012-06-19 16:53:24&apos;
System info: os.name: &apos;Windows Vista&apos;, os.arch: &apos;x86&apos;, os.version: &apos;6.0&apos;, java.version: &apos;1.6.0_33&apos;
Driver info: driver.version: unknown
	at &lt;anonymous class&gt;.&lt;anonymous method&gt;(file:///C:/Users/I3CLOGIC/AppData/Local/Temp/anonymous7524769907557674683webdriver-profile/extensions/fxdriver@googlecode.com/components/command_processor.js:10101)
	at &lt;anonymous class&gt;.&lt;anonymous method&gt;(file:///C:/Users/I3CLOGIC/AppData/Local/Temp/anonymous7524769907557674683webdriver-profile/extensions/fxdriver@googlecode.com/components/driver_component.js:5752)
	at &lt;anonymous class&gt;.&lt;anonymous method&gt;(file:///C:/Users/I3CLOGIC/AppData/Local/Temp/anonymous7524769907557674683webdriver-profile/extensions/fxdriver@googlecode.com/components/driver_component.js:5909)
	at &lt;anonymous class&gt;.&lt;anonymous method&gt;(file:///C:/Users/I3CLOGIC/AppData/Local/Temp/anonymous7524769907557674683webdriver-profile/extensions/fxdriver@googlecode.com/components/driver_component.js:5856)
	at &lt;anonymous class&gt;.&lt;anonymous method&gt;(file:///C:/Users/I3CLOGIC/AppData/Local/Temp/anonymous7524769907557674683webdriver-profile/extensions/fxdriver@googlecode.com/components/driver_component.js:9914)
	at &lt;anonymous class&gt;.&lt;anonymous method&gt;(file:///C:/Users/I3CLOGIC/AppData/Local/Temp/anonymous7524769907557674683webdriver-profile/extensions/fxdriver@googlecode.com/components/httpd.js:1935)
	at &lt;anonymous class&gt;.&lt;anonymous method&gt;(file:///C:/Users/I3CLOGIC/AppData/Local/Temp/anonymous7524769907557674683webdriver-profile/extensions/fxdriver@googlecode.com/components/httpd.js:2261)
	at &lt;anonymous class&gt;.&lt;anonymous method&gt;(file:///C:/Users/I3CLOGIC/AppData/Local/Temp/anonymous7524769907557674683webdriver-profile/extensions/fxdriver@googlecode.com/components/httpd.js:1168)
	at &lt;anonymous class&gt;.&lt;anonymous method&gt;(file:///C:/Users/I3CLOGIC/AppData/Local/Temp/anonymous7524769907557674683webdriver-profile/extensions/fxdriver@googlecode.com/components/httpd.js:1616)
	at &lt;anonymous class&gt;.&lt;anonymous method&gt;(file:///C:/Users/I3CLOGIC/AppData/Local/Temp/anonymous7524769907557674683webdriver-profile/extensions/fxdriver@googlecode.com/components/httpd.js:1464)
	at &lt;anonymous class&gt;.&lt;anonymous method&gt;(file:///C:/Users/I3CLOGIC/AppData/Local/Temp/anonymous7524769907557674683webdriver-profile/extensions/fxdriver@googlecode.com/components/httpd.js:1333)
"</b><br>sun.reflect.NativeConstructorAccessorImpl.newInstance0(Native Method)<br>sun.reflect.NativeConstructorAccessorImpl.newInstance(NativeConstructorAccessorImpl.java:39)<br>sun.reflect.DelegatingConstructorAccessorImpl.newInstance(DelegatingConstructorAccessorImpl.java:27)<br>java.lang.reflect.Constructor.newInstance(Constructor.java:513)<br>org.openqa.selenium.remote.ErrorHandler.createThrowable(ErrorHandler.java:188)<br>org.openqa.selenium.remote.ErrorHandler.throwIfResponseFailed(ErrorHandler.java:145)<br>org.openqa.selenium.remote.RemoteWebDriver.execute(RemoteWebDriver.java:472)<br>org.openqa.selenium.firefox.FirefoxDriver$$EnhancerByCGLIB$$bfbd1dfe.CGLIB$execute$55(<generated>)<br>org.openqa.selenium.firefox.FirefoxDriver$$EnhancerByCGLIB$$bfbd1dfe$$FastClassByCGLIB$$a3c9de78.invoke(<generated>)<br>net.sf.cglib.proxy.MethodProxy.invokeSuper(MethodProxy.java:167)<br>org.openqa.selenium.remote.Augmenter$CompoundHandler.intercept(Augmenter.java:261)<br>org.openqa.selenium.firefox.FirefoxDriver$$EnhancerByCGLIB$$bfbd1dfe.execute(<generated>)<br>org.openqa.selenium.remote.RemoteWebDriver.execute(RemoteWebDriver.java:476)<br>org.openqa.selenium.firefox.FirefoxDriver$$EnhancerByCGLIB$$bfbd1dfe.CGLIB$execute$54(<generated>)<br>org.openqa.selenium.firefox.FirefoxDriver$$EnhancerByCGLIB$$bfbd1dfe$$FastClassByCGLIB$$a3c9de78.invoke(<generated>)<br>net.sf.cglib.proxy.MethodProxy.invokeSuper(MethodProxy.java:167)<br>org.openqa.selenium.remote.Augmenter$CompoundHandler.intercept(Augmenter.java:261)<br>org.openqa.selenium.firefox.FirefoxDriver$$EnhancerByCGLIB$$bfbd1dfe.execute(<generated>)<br>org.openqa.selenium.firefox.FirefoxDriver.getScreenshotAs(FirefoxDriver.java:285)<br>org.openqa.selenium.firefox.FirefoxDriver$$EnhancerByCGLIB$$bfbd1dfe.CGLIB$getScreenshotAs$1(<generated>)<br>org.openqa.selenium.firefox.FirefoxDriver$$EnhancerByCGLIB$$bfbd1dfe$$FastClassByCGLIB$$a3c9de78.invoke(<generated>)<br>net.sf.cglib.proxy.MethodProxy.invokeSuper(MethodProxy.java:167)<br>org.openqa.selenium.remote.Augmenter$CompoundHandler.intercept(Augmenter.java:261)<br>org.openqa.selenium.firefox.FirefoxDriver$$EnhancerByCGLIB$$bfbd1dfe.getScreenshotAs(<generated>)<br>com.clogic.SeleniumFramework.BasicSetUp.captureScreen(BasicSetUp.java:122)<br>com.clogic.SeleniumFramework.LogInPage.login(LogInPage.java:67)<br>com.clogic.SeleniumFramework.ClassTest.login(ClassTest.java:77)<br>com.clogic.SeleniumFramework.ClassTest.searchLeadTest(ClassTest.java:400)<br>sun.reflect.NativeMethodAccessorImpl.invoke0(Native Method)<br>sun.reflect.NativeMethodAccessorImpl.invoke(NativeMethodAccessorImpl.java:39)<br>sun.reflect.DelegatingMethodAccessorImpl.invoke(DelegatingMethodAccessorImpl.java:25)<br>java.lang.reflect.Method.invoke(Method.java:597)<br>org.testng.internal.MethodInvocationHelper.invokeMethod(MethodInvocationHelper.java:80)<br>org.testng.internal.Invoker.invokeMethod(Invoker.java:715)<br>org.testng.internal.Invoker.invokeTestMethod(Invoker.java:907)<br>org.testng.internal.Invoker.invokeTestMethods(Invoker.java:1237)<br>org.testng.internal.TestMethodWorker.invokeTestMethods(TestMethodWorker.java:127)<br>org.testng.internal.TestMethodWorker.run(TestMethodWorker.java:111)<br>org.testng.TestRunner.privateRun(TestRunner.java:767)<br>org.testng.TestRunner.run(TestRunner.java:617)<br>org.testng.SuiteRunner.runTest(SuiteRunner.java:334)<br>org.testng.SuiteRunner.runSequentially(SuiteRunner.java:329)<br>org.testng.SuiteRunner.privateRun(SuiteRunner.java:291)<br>org.testng.SuiteRunner.run(SuiteRunner.java:240)<br>org.testng.SuiteRunnerWorker.runSuite(SuiteRunnerWorker.java:51)<br>org.testng.SuiteRunnerWorker.run(SuiteRunnerWorker.java:85)<br>org.testng.TestNG.runSuitesSequentially(TestNG.java:1197)<br>org.testng.TestNG.runSuitesLocally(TestNG.java:1122)<br>org.testng.TestNG.run(TestNG.java:1030)<br>org.testng.remote.RemoteTestNG.run(RemoteTestNG.java:111)<br>org.testng.remote.RemoteTestNG.initAndRun(RemoteTestNG.java:204)<br>org.testng.remote.RemoteTestNG.main(RemoteTestNG.java:175)<br>
</div> <!-- stack-trace -->
                </div> <!-- method-content -->
              </div> <!-- method -->
            </div> <!-- main-panel-content rounded-window-bottom -->
          </div> <!-- suite-Suite-class-failed -->
        </div> <!-- panel Suite -->
        <div panel-name="test-xml-Suite" class="panel">
          <div class="main-panel-header rounded-window-top">
            <span class="header-content">G:\Eclipse\Workspace\Dropbox\LogicWorkSpace\SeleniumFrameworkBasic\testng.xml</span>
          </div> <!-- main-panel-header rounded-window-top -->
          <div class="main-panel-content rounded-window-bottom">
            <pre>
&lt;?xml version=&quot;1.0&quot; encoding=&quot;UTF-8&quot;?&gt;
&lt;!DOCTYPE suite SYSTEM &quot;http://testng.org/testng-1.0.dtd&quot;&gt;
&lt;suite name=&quot;Suite&quot; parallel=&quot;none&quot;&gt;
  &lt;test name=&quot;Test&quot; preserve-order=&quot;true&quot;&gt;
    &lt;classes&gt;
      &lt;class name=&quot;com.clogic.SeleniumFramework.ClassTest&quot;&gt;
        &lt;methods&gt;
          &lt;include name=&quot;searchLeadTest&quot;/&gt;
        &lt;/methods&gt;
      &lt;/class&gt; &lt;!-- com.clogic.SeleniumFramework.ClassTest --&gt;
    &lt;/classes&gt;
  &lt;/test&gt; &lt;!-- Test --&gt;
&lt;/suite&gt; &lt;!-- Suite --&gt;
            </pre>
          </div> <!-- main-panel-content rounded-window-bottom -->
        </div> <!-- panel -->
        <div panel-name="testlist-Suite" class="panel">
          <div class="main-panel-header rounded-window-top">
            <span class="header-content">Tests for Suite</span>
          </div> <!-- main-panel-header rounded-window-top -->
          <div class="main-panel-content rounded-window-bottom">
            <ul>
              <li>
                <span class="test-name">Test (1 class)</span>
              </li>
            </ul>
          </div> <!-- main-panel-content rounded-window-bottom -->
        </div> <!-- panel -->
        <div panel-name="group-Suite" class="panel">
          <div class="main-panel-header rounded-window-top">
            <span class="header-content">Groups for Suite</span>
          </div> <!-- main-panel-header rounded-window-top -->
          <div class="main-panel-content rounded-window-bottom">
          </div> <!-- main-panel-content rounded-window-bottom -->
        </div> <!-- panel -->
        <div panel-name="times-Suite" class="panel">
          <div class="main-panel-header rounded-window-top">
            <span class="header-content">Times for Suite</span>
          </div> <!-- main-panel-header rounded-window-top -->
          <div class="main-panel-content rounded-window-bottom">
            <div class="times-div">
              <script type="text/javascript">
suiteTableInitFunctions.push('tableData_Suite');
function tableData_Suite() {
var data = new google.visualization.DataTable();
data.addColumn('number', 'Number');
data.addColumn('string', 'Method');
data.addColumn('string', 'Class');
data.addColumn('number', 'Time (ms)');
data.addRows(1);
data.setCell(0, 0, 0)
data.setCell(0, 1, 'searchLeadTest')
data.setCell(0, 2, 'com.clogic.SeleniumFramework.ClassTest')
data.setCell(0, 3, 32931);
window.suiteTableData['Suite']= { tableData: data, tableDiv: 'times-div-Suite'}
return data;
}
              </script>
              <span class="suite-total-time">Total running time: 32 seconds</span>
              <div id="times-div-Suite">
              </div> <!-- times-div-Suite -->
            </div> <!-- times-div -->
          </div> <!-- main-panel-content rounded-window-bottom -->
        </div> <!-- panel -->
        <div panel-name="reporter-Suite" class="panel">
          <div class="main-panel-header rounded-window-top">
            <span class="header-content">Reporter output for Suite</span>
          </div> <!-- main-panel-header rounded-window-top -->
          <div class="main-panel-content rounded-window-bottom">
          </div> <!-- main-panel-content rounded-window-bottom -->
        </div> <!-- panel -->
        <div panel-name="ignored-methods-Suite" class="panel">
          <div class="main-panel-header rounded-window-top">
            <span class="header-content">21 ignored methods</span>
          </div> <!-- main-panel-header rounded-window-top -->
          <div class="main-panel-content rounded-window-bottom">
            <div class="ignored-class-div">
              <span class="ignored-class-name">com.clogic.SeleniumFramework.ClassTest</span>
              <div class="ignored-methods-div">
                <span class="ignored-method-name">importLeadsTest</span>
                <br/>
                <span class="ignored-method-name">createCallCenterTest</span>
                <br/>
                <span class="ignored-method-name">dncTabTest</span>
                <br/>
                <span class="ignored-method-name">assignLeadsTest</span>
                <br/>
                <span class="ignored-method-name">createProjectTest</span>
                <br/>
                <span class="ignored-method-name">newAccountCreationTest</span>
                <br/>
                <span class="ignored-method-name">newTest</span>
                <br/>
                <span class="ignored-method-name">assignAllAgentTest</span>
                <br/>
                <span class="ignored-method-name">login</span>
                <br/>
                <span class="ignored-method-name">updateCallCenterProfileTest</span>
                <br/>
                <span class="ignored-method-name">buyPackageTest</span>
                <br/>
                <span class="ignored-method-name">registerFormTests</span>
                <br/>
                <span class="ignored-method-name">loginAdmin</span>
                <br/>
                <span class="ignored-method-name">assignAgentTest</span>
                <br/>
                <span class="ignored-method-name">assignPackageTest</span>
                <br/>
                <span class="ignored-method-name">deleteProjectTest</span>
                <br/>
                <span class="ignored-method-name">createAgentTest</span>
                <br/>
                <span class="ignored-method-name">testDialPlan</span>
                <br/>
                <span class="ignored-method-name">portalTest</span>
                <br/>
                <span class="ignored-method-name">newAccountCreationByAdminTest</span>
                <br/>
                <span class="ignored-method-name">verifyRoles</span>
                <br/>
              </div> <!-- ignored-methods-div -->
            </div> <!-- ignored-class-div -->
          </div> <!-- main-panel-content rounded-window-bottom -->
        </div> <!-- panel -->
        <div panel-name="chronological-Suite" class="panel">
          <div class="main-panel-header rounded-window-top">
            <span class="header-content">Methods in chronological order</span>
          </div> <!-- main-panel-header rounded-window-top -->
          <div class="main-panel-content rounded-window-bottom">
            <div class="chronological-class">
              <div class="chronological-class-name">com.clogic.SeleniumFramework.ClassTest</div> <!-- chronological-class-name -->
              <div class="configuration-suite before">
                <span class="method-name">setUp</span>
                <span class="method-start">0 ms</span>
              </div> <!-- configuration-suite before -->
              <div class="test-method">
                <img src="failed.png">
                </img>
                <span class="method-name">searchLeadTest</span>
                <span class="method-start">14253 ms</span>
              </div> <!-- test-method -->
              <div class="configuration-suite after">
                <span class="method-name">tearDown</span>
                <span class="method-start">47265 ms</span>
              </div> <!-- configuration-suite after -->
          </div> <!-- main-panel-content rounded-window-bottom -->
        </div> <!-- panel -->
      </div> <!-- main-panel-root -->
    </div> <!-- wrapper -->
  </body>
</html>
