<?xml version="1.0" encoding="UTF-8"?>
<!-- Generated by org.testng.reporters.JUnitReportReporter -->
<testsuite hostname="SACHIN" name="com.clogic.SeleniumFramework.ClassTest" tests="1" failures="1" timestamp="12 Oct 2012 07:37:50 GMT" time="32.931" errors="0">
  <testcase name="searchLeadTest" time="32.931" classname="com.clogic.SeleniumFramework.ClassTest">
    <failure type="org.openqa.selenium.WebDriverException" message="Session not found: fbb06980-2f0e-426c-a97c-d0f9c1dc6483
Command duration or timeout: 18 milliseconds
Build info: version: &#039;2.24.1&#039;, revision: &#039;17205&#039;, time: &#039;2012-06-19 16:53:24&#039;
System info: os.name: &#039;Windows Vista&#039;, os.arch: &#039;x86&#039;, os.version: &#039;6.0&#039;, java.version: &#039;1.6.0_33&#039;
Driver info: driver.version: FirefoxDriver
Session ID: fbb06980-2f0e-426c-a97c-d0f9c1dc6483">
      <![CDATA[org.openqa.selenium.WebDriverException: Session not found: fbb06980-2f0e-426c-a97c-d0f9c1dc6483
Command duration or timeout: 18 milliseconds
Build info: version: '2.24.1', revision: '17205', time: '2012-06-19 16:53:24'
System info: os.name: 'Windows Vista', os.arch: 'x86', os.version: '6.0', java.version: '1.6.0_33'
Driver info: driver.version: FirefoxDriver
Session ID: fbb06980-2f0e-426c-a97c-d0f9c1dc6483
	at sun.reflect.NativeConstructorAccessorImpl.newInstance0(Native Method)
	at sun.reflect.NativeConstructorAccessorImpl.newInstance(NativeConstructorAccessorImpl.java:39)
	at sun.reflect.DelegatingConstructorAccessorImpl.newInstance(DelegatingConstructorAccessorImpl.java:27)
	at java.lang.reflect.Constructor.newInstance(Constructor.java:513)
	at org.openqa.selenium.remote.ErrorHandler.createThrowable(ErrorHandler.java:188)
	at org.openqa.selenium.remote.ErrorHandler.throwIfResponseFailed(ErrorHandler.java:145)
	at org.openqa.selenium.remote.RemoteWebDriver.execute(RemoteWebDriver.java:472)
	at org.openqa.selenium.firefox.FirefoxDriver$$EnhancerByCGLIB$$bfbd1dfe.CGLIB$execute$55(<generated>)
	at org.openqa.selenium.firefox.FirefoxDriver$$EnhancerByCGLIB$$bfbd1dfe$$FastClassByCGLIB$$a3c9de78.invoke(<generated>)
	at net.sf.cglib.proxy.MethodProxy.invokeSuper(MethodProxy.java:167)
	at org.openqa.selenium.remote.Augmenter$CompoundHandler.intercept(Augmenter.java:261)
	at org.openqa.selenium.firefox.FirefoxDriver$$EnhancerByCGLIB$$bfbd1dfe.execute(<generated>)
	at org.openqa.selenium.remote.RemoteWebDriver.execute(RemoteWebDriver.java:476)
	at org.openqa.selenium.firefox.FirefoxDriver$$EnhancerByCGLIB$$bfbd1dfe.CGLIB$execute$54(<generated>)
	at org.openqa.selenium.firefox.FirefoxDriver$$EnhancerByCGLIB$$bfbd1dfe$$FastClassByCGLIB$$a3c9de78.invoke(<generated>)
	at net.sf.cglib.proxy.MethodProxy.invokeSuper(MethodProxy.java:167)
	at org.openqa.selenium.remote.Augmenter$CompoundHandler.intercept(Augmenter.java:261)
	at org.openqa.selenium.firefox.FirefoxDriver$$EnhancerByCGLIB$$bfbd1dfe.execute(<generated>)
	at org.openqa.selenium.firefox.FirefoxDriver.getScreenshotAs(FirefoxDriver.java:285)
	at org.openqa.selenium.firefox.FirefoxDriver$$EnhancerByCGLIB$$bfbd1dfe.CGLIB$getScreenshotAs$1(<generated>)
	at org.openqa.selenium.firefox.FirefoxDriver$$EnhancerByCGLIB$$bfbd1dfe$$FastClassByCGLIB$$a3c9de78.invoke(<generated>)
	at net.sf.cglib.proxy.MethodProxy.invokeSuper(MethodProxy.java:167)
	at org.openqa.selenium.remote.Augmenter$CompoundHandler.intercept(Augmenter.java:261)
	at org.openqa.selenium.firefox.FirefoxDriver$$EnhancerByCGLIB$$bfbd1dfe.getScreenshotAs(<generated>)
	at com.clogic.SeleniumFramework.BasicSetUp.captureScreen(BasicSetUp.java:122)
	at com.clogic.SeleniumFramework.LogInPage.login(LogInPage.java:67)
	at com.clogic.SeleniumFramework.ClassTest.login(ClassTest.java:77)
	at com.clogic.SeleniumFramework.ClassTest.searchLeadTest(ClassTest.java:400)
	at sun.reflect.NativeMethodAccessorImpl.invoke0(Native Method)
	at sun.reflect.NativeMethodAccessorImpl.invoke(NativeMethodAccessorImpl.java:39)
	at sun.reflect.DelegatingMethodAccessorImpl.invoke(DelegatingMethodAccessorImpl.java:25)
	at java.lang.reflect.Method.invoke(Method.java:597)
	at org.testng.internal.MethodInvocationHelper.invokeMethod(MethodInvocationHelper.java:80)
	at org.testng.internal.Invoker.invokeMethod(Invoker.java:715)
	at org.testng.internal.Invoker.invokeTestMethod(Invoker.java:907)
	at org.testng.internal.Invoker.invokeTestMethods(Invoker.java:1237)
	at org.testng.internal.TestMethodWorker.invokeTestMethods(TestMethodWorker.java:127)
	at org.testng.internal.TestMethodWorker.run(TestMethodWorker.java:111)
	at org.testng.TestRunner.privateRun(TestRunner.java:767)
	at org.testng.TestRunner.run(TestRunner.java:617)
	at org.testng.SuiteRunner.runTest(SuiteRunner.java:334)
	at org.testng.SuiteRunner.runSequentially(SuiteRunner.java:329)
	at org.testng.SuiteRunner.privateRun(SuiteRunner.java:291)
	at org.testng.SuiteRunner.run(SuiteRunner.java:240)
	at org.testng.SuiteRunnerWorker.runSuite(SuiteRunnerWorker.java:51)
	at org.testng.SuiteRunnerWorker.run(SuiteRunnerWorker.java:85)
	at org.testng.TestNG.runSuitesSequentially(TestNG.java:1197)
	at org.testng.TestNG.runSuitesLocally(TestNG.java:1122)
	at org.testng.TestNG.run(TestNG.java:1030)
	at org.testng.remote.RemoteTestNG.run(RemoteTestNG.java:111)
	at org.testng.remote.RemoteTestNG.initAndRun(RemoteTestNG.java:204)
	at org.testng.remote.RemoteTestNG.main(RemoteTestNG.java:175)
Caused by: org.openqa.selenium.remote.ErrorHandler$UnknownServerException: Session not found: fbb06980-2f0e-426c-a97c-d0f9c1dc6483
Build info: version: '2.24.1', revision: '17205', time: '2012-06-19 16:53:24'
System info: os.name: 'Windows Vista', os.arch: 'x86', os.version: '6.0', java.version: '1.6.0_33'
Driver info: driver.version: unknown
	at <anonymous class>.<anonymous method>(file:///C:/Users/I3CLOGIC/AppData/Local/Temp/anonymous7524769907557674683webdriver-profile/extensions/fxdriver@googlecode.com/components/command_processor.js:10101)
	at <anonymous class>.<anonymous method>(file:///C:/Users/I3CLOGIC/AppData/Local/Temp/anonymous7524769907557674683webdriver-profile/extensions/fxdriver@googlecode.com/components/driver_component.js:5752)
	at <anonymous class>.<anonymous method>(file:///C:/Users/I3CLOGIC/AppData/Local/Temp/anonymous7524769907557674683webdriver-profile/extensions/fxdriver@googlecode.com/components/driver_component.js:5909)
	at <anonymous class>.<anonymous method>(file:///C:/Users/I3CLOGIC/AppData/Local/Temp/anonymous7524769907557674683webdriver-profile/extensions/fxdriver@googlecode.com/components/driver_component.js:5856)
	at <anonymous class>.<anonymous method>(file:///C:/Users/I3CLOGIC/AppData/Local/Temp/anonymous7524769907557674683webdriver-profile/extensions/fxdriver@googlecode.com/components/driver_component.js:9914)
	at <anonymous class>.<anonymous method>(file:///C:/Users/I3CLOGIC/AppData/Local/Temp/anonymous7524769907557674683webdriver-profile/extensions/fxdriver@googlecode.com/components/httpd.js:1935)
	at <anonymous class>.<anonymous method>(file:///C:/Users/I3CLOGIC/AppData/Local/Temp/anonymous7524769907557674683webdriver-profile/extensions/fxdriver@googlecode.com/components/httpd.js:2261)
	at <anonymous class>.<anonymous method>(file:///C:/Users/I3CLOGIC/AppData/Local/Temp/anonymous7524769907557674683webdriver-profile/extensions/fxdriver@googlecode.com/components/httpd.js:1168)
	at <anonymous class>.<anonymous method>(file:///C:/Users/I3CLOGIC/AppData/Local/Temp/anonymous7524769907557674683webdriver-profile/extensions/fxdriver@googlecode.com/components/httpd.js:1616)
	at <anonymous class>.<anonymous method>(file:///C:/Users/I3CLOGIC/AppData/Local/Temp/anonymous7524769907557674683webdriver-profile/extensions/fxdriver@googlecode.com/components/httpd.js:1464)
	at <anonymous class>.<anonymous method>(file:///C:/Users/I3CLOGIC/AppData/Local/Temp/anonymous7524769907557674683webdriver-profile/extensions/fxdriver@googlecode.com/components/httpd.js:1333)
]]>
    </failure>
  </testcase> <!-- searchLeadTest -->
</testsuite> <!-- com.clogic.SeleniumFramework.ClassTest -->
