<?xml version="1.0" encoding="UTF-8"?>
<!-- Generated by org.testng.reporters.JUnitXMLReporter -->
<testsuite hostname="SACHIN" name="Test" tests="1" failures="1" timestamp="12 Oct 2012 07:37:50 GMT" time="32.964" errors="0">
  <testcase name="searchLeadTest" time="32.931" classname="com.clogic.SeleniumFramework.ClassTest">
    <failure type="org.openqa.selenium.WebDriverException" message="Session not found: fbb06980-2f0e-426c-a97c-d0f9c1dc6483
Command duration or timeout: 18 milliseconds
Build info: version: &amp;apos;2.24.1&amp;apos;, revision: &amp;apos;17205&amp;apos;, time: &amp;apos;2012-06-19 16:53:24&amp;apos;
System info: os.name: &amp;apos;Windows Vista&amp;apos;, os.arch: &amp;apos;x86&amp;apos;, os.version: &amp;apos;6.0&amp;apos;, java.version: &amp;apos;1.6.0_33&amp;apos;
Driver info: driver.version: FirefoxDriver
Session ID: fbb06980-2f0e-426c-a97c-d0f9c1dc6483">
      <![CDATA[org.openqa.selenium.WebDriverException: Session not found: fbb06980-2f0e-426c-a97c-d0f9c1dc6483
Command duration or timeout: 18 milliseconds
Build info: version: '2.24.1', revision: '17205', time: '2012-06-19 16:53:24'
System info: os.name: 'Windows Vista', os.arch: 'x86', os.version: '6.0', java.version: '1.6.0_33'
Driver info: driver.version: FirefoxDriver
Session ID: fbb06980-2f0e-426c-a97c-d0f9c1dc6483
	at org.openqa.selenium.remote.ErrorHandler.createThrowable(ErrorHandler.java:188)
	at org.openqa.selenium.remote.ErrorHandler.throwIfResponseFailed(ErrorHandler.java:145)
	at org.openqa.selenium.remote.RemoteWebDriver.execute(RemoteWebDriver.java:472)
	at org.openqa.selenium.firefox.FirefoxDriver$$EnhancerByCGLIB$$bfbd1dfe.CGLIB$execute$55(<generated>)
	at org.openqa.selenium.firefox.FirefoxDriver$$EnhancerByCGLIB$$bfbd1dfe$$FastClassByCGLIB$$a3c9de78.invoke(<generated>)
	at net.sf.cglib.proxy.MethodProxy.invokeSuper(MethodProxy.java:167)
	at org.openqa.selenium.remote.Augmenter$CompoundHandler.intercept(Augmenter.java:261)
	at org.openqa.selenium.firefox.FirefoxDriver$$EnhancerByCGLIB$$bfbd1dfe.execute(<generated>)
	at org.openqa.selenium.remote.RemoteWebDriver.execute(RemoteWebDriver.java:476)
	at org.openqa.selenium.firefox.FirefoxDriver$$EnhancerByCGLIB$$bfbd1dfe.CGLIB$execute$54(<generated>)
	at org.openqa.selenium.firefox.FirefoxDriver$$EnhancerByCGLIB$$bfbd1dfe$$FastClassByCGLIB$$a3c9de78.invoke(<generated>)
	at net.sf.cglib.proxy.MethodProxy.invokeSuper(MethodProxy.java:167)
	at org.openqa.selenium.remote.Augmenter$CompoundHandler.intercept(Augmenter.java:261)
	at org.openqa.selenium.firefox.FirefoxDriver$$EnhancerByCGLIB$$bfbd1dfe.execute(<generated>)
	at org.openqa.selenium.firefox.FirefoxDriver.getScreenshotAs(FirefoxDriver.java:285)
	at org.openqa.selenium.firefox.FirefoxDriver$$EnhancerByCGLIB$$bfbd1dfe.CGLIB$getScreenshotAs$1(<generated>)
	at org.openqa.selenium.firefox.FirefoxDriver$$EnhancerByCGLIB$$bfbd1dfe$$FastClassByCGLIB$$a3c9de78.invoke(<generated>)
	at net.sf.cglib.proxy.MethodProxy.invokeSuper(MethodProxy.java:167)
	at org.openqa.selenium.remote.Augmenter$CompoundHandler.intercept(Augmenter.java:261)
	at org.openqa.selenium.firefox.FirefoxDriver$$EnhancerByCGLIB$$bfbd1dfe.getScreenshotAs(<generated>)
	at com.clogic.SeleniumFramework.BasicSetUp.captureScreen(BasicSetUp.java:122)
	at com.clogic.SeleniumFramework.LogInPage.login(LogInPage.java:67)
	at com.clogic.SeleniumFramework.ClassTest.login(ClassTest.java:77)
	at com.clogic.SeleniumFramework.ClassTest.searchLeadTest(ClassTest.java:400)
Caused by: org.openqa.selenium.remote.ErrorHandler$UnknownServerException: Session not found: fbb06980-2f0e-426c-a97c-d0f9c1dc6483
Build info: version: '2.24.1', revision: '17205', time: '2012-06-19 16:53:24'
System info: os.name: 'Windows Vista', os.arch: 'x86', os.version: '6.0', java.version: '1.6.0_33'
Driver info: driver.version: unknown
	at <anonymous class>.<anonymous method>(file:///C:/Users/I3CLOGIC/AppData/Local/Temp/anonymous7524769907557674683webdriver-profile/extensions/fxdriver@googlecode.com/components/command_processor.js:10101)
	at <anonymous class>.<anonymous method>(file:///C:/Users/I3CLOGIC/AppData/Local/Temp/anonymous7524769907557674683webdriver-profile/extensions/fxdriver@googlecode.com/components/driver_component.js:5752)
	at <anonymous class>.<anonymous method>(file:///C:/Users/I3CLOGIC/AppData/Local/Temp/anonymous7524769907557674683webdriver-profile/extensions/fxdriver@googlecode.com/components/driver_component.js:5909)
	at <anonymous class>.<anonymous method>(file:///C:/Users/I3CLOGIC/AppData/Local/Temp/anonymous7524769907557674683webdriver-profile/extensions/fxdriver@googlecode.com/components/driver_component.js:5856)
	at <anonymous class>.<anonymous method>(file:///C:/Users/I3CLOGIC/AppData/Local/Temp/anonymous7524769907557674683webdriver-profile/extensions/fxdriver@googlecode.com/components/driver_component.js:9914)
	at <anonymous class>.<anonymous method>(file:///C:/Users/I3CLOGIC/AppData/Local/Temp/anonymous7524769907557674683webdriver-profile/extensions/fxdriver@googlecode.com/components/httpd.js:1935)
	at <anonymous class>.<anonymous method>(file:///C:/Users/I3CLOGIC/AppData/Local/Temp/anonymous7524769907557674683webdriver-profile/extensions/fxdriver@googlecode.com/components/httpd.js:2261)
	at <anonymous class>.<anonymous method>(file:///C:/Users/I3CLOGIC/AppData/Local/Temp/anonymous7524769907557674683webdriver-profile/extensions/fxdriver@googlecode.com/components/httpd.js:1168)
	at <anonymous class>.<anonymous method>(file:///C:/Users/I3CLOGIC/AppData/Local/Temp/anonymous7524769907557674683webdriver-profile/extensions/fxdriver@googlecode.com/components/httpd.js:1616)
	at <anonymous class>.<anonymous method>(file:///C:/Users/I3CLOGIC/AppData/Local/Temp/anonymous7524769907557674683webdriver-profile/extensions/fxdriver@googlecode.com/components/httpd.js:1464)
	at <anonymous class>.<anonymous method>(file:///C:/Users/I3CLOGIC/AppData/Local/Temp/anonymous7524769907557674683webdriver-profile/extensions/fxdriver@googlecode.com/components/httpd.js:1333)
... Removed 28 stack frames]]>
    </failure>
  </testcase> <!-- searchLeadTest -->
</testsuite> <!-- Test -->
