<html>
<head>
<title>TestNG:  Test</title>
<link href="../testng.css" rel="stylesheet" type="text/css" />
<link href="../my-testng.css" rel="stylesheet" type="text/css" />

<style type="text/css">
.log { display: none;} 
.stack-trace { display: none;} 
</style>
<script type="text/javascript">
<!--
function flip(e) {
  current = e.style.display;
  if (current == 'block') {
    e.style.display = 'none';
    return 0;
  }
  else {
    e.style.display = 'block';
    return 1;
  }
}

function toggleBox(szDivId, elem, msg1, msg2)
{
  var res = -1;  if (document.getElementById) {
    res = flip(document.getElementById(szDivId));
  }
  else if (document.all) {
    // this is the way old msie versions work
    res = flip(document.all[szDivId]);
  }
  if(elem) {
    if(res == 0) elem.innerHTML = msg1; else elem.innerHTML = msg2;
  }

}

function toggleAllBoxes() {
  if (document.getElementsByTagName) {
    d = document.getElementsByTagName('div');
    for (i = 0; i < d.length; i++) {
      if (d[i].className == 'log') {
        flip(d[i]);
      }
    }
  }
}

// -->
</script>

</head>
<body>
<h2 align='center'>Test</h2><table border='1' align="center">
<tr>
<td>Tests passed/Failed/Skipped:</td><td>0/1/0</td>
</tr><tr>
<td>Started on:</td><td>Fri Oct 12 13:07:17 IST 2012</td>
</tr>
<tr><td>Total time:</td><td>32 seconds (32964 ms)</td>
</tr><tr>
<td>Included groups:</td><td></td>
</tr><tr>
<td>Excluded groups:</td><td></td>
</tr>
</table><p/>
<small><i>(Hover the method name to see the test class name)</i></small><p/>
<table width='100%' border='1' class='invocation-failed'>
<tr><td colspan='4' align='center'><b>FAILED TESTS</b></td></tr>
<tr><td><b>Test method</b></td>
<td width="30%"><b>Exception</b></td>
<td width="10%"><b>Time (seconds)</b></td>
<td><b>Instance</b></td>
</tr>
<tr>
<td title='com.clogic.SeleniumFramework.ClassTest.searchLeadTest()'><b>searchLeadTest</b><br>Test class: com.clogic.SeleniumFramework.ClassTest<br>Test method: Lead Search Test</td>
<td><div><pre>org.openqa.selenium.WebDriverException: Session not found: fbb06980-2f0e-426c-a97c-d0f9c1dc6483
Command duration or timeout: 18 milliseconds
Build info: version: &apos;2.24.1&apos;, revision: &apos;17205&apos;, time: &apos;2012-06-19 16:53:24&apos;
System info: os.name: &apos;Windows Vista&apos;, os.arch: &apos;x86&apos;, os.version: &apos;6.0&apos;, java.version: &apos;1.6.0_33&apos;
Driver info: driver.version: FirefoxDriver
Session ID: fbb06980-2f0e-426c-a97c-d0f9c1dc6483
	at org.openqa.selenium.remote.ErrorHandler.createThrowable(ErrorHandler.java:188)
	at org.openqa.selenium.remote.ErrorHandler.throwIfResponseFailed(ErrorHandler.java:145)
	at org.openqa.selenium.remote.RemoteWebDriver.execute(RemoteWebDriver.java:472)
	at org.openqa.selenium.firefox.FirefoxDriver$$EnhancerByCGLIB$$bfbd1dfe.CGLIB$execute$55(&lt;generated&gt;)
	at org.openqa.selenium.firefox.FirefoxDriver$$EnhancerByCGLIB$$bfbd1dfe$$FastClassByCGLIB$$a3c9de78.invoke(&lt;generated&gt;)
	at net.sf.cglib.proxy.MethodProxy.invokeSuper(MethodProxy.java:167)
	at org.openqa.selenium.remote.Augmenter$CompoundHandler.intercept(Augmenter.java:261)
	at org.openqa.selenium.firefox.FirefoxDriver$$EnhancerByCGLIB$$bfbd1dfe.execute(&lt;generated&gt;)
	at org.openqa.selenium.remote.RemoteWebDriver.execute(RemoteWebDriver.java:476)
	at org.openqa.selenium.firefox.FirefoxDriver$$EnhancerByCGLIB$$bfbd1dfe.CGLIB$execute$54(&lt;generated&gt;)
	at org.openqa.selenium.firefox.FirefoxDriver$$EnhancerByCGLIB$$bfbd1dfe$$FastClassByCGLIB$$a3c9de78.invoke(&lt;generated&gt;)
	at net.sf.cglib.proxy.MethodProxy.invokeSuper(MethodProxy.java:167)
	at org.openqa.selenium.remote.Augmenter$CompoundHandler.intercept(Augmenter.java:261)
	at org.openqa.selenium.firefox.FirefoxDriver$$EnhancerByCGLIB$$bfbd1dfe.execute(&lt;generated&gt;)
	at org.openqa.selenium.firefox.FirefoxDriver.getScreenshotAs(FirefoxDriver.java:285)
	at org.openqa.selenium.firefox.FirefoxDriver$$EnhancerByCGLIB$$bfbd1dfe.CGLIB$getScreenshotAs$1(&lt;generated&gt;)
	at org.openqa.selenium.firefox.FirefoxDriver$$EnhancerByCGLIB$$bfbd1dfe$$FastClassByCGLIB$$a3c9de78.invoke(&lt;generated&gt;)
	at net.sf.cglib.proxy.MethodProxy.invokeSuper(MethodProxy.java:167)
	at org.openqa.selenium.remote.Augmenter$CompoundHandler.intercept(Augmenter.java:261)
	at org.openqa.selenium.firefox.FirefoxDriver$$EnhancerByCGLIB$$bfbd1dfe.getScreenshotAs(&lt;generated&gt;)
	at com.clogic.SeleniumFramework.BasicSetUp.captureScreen(BasicSetUp.java:122)
	at com.clogic.SeleniumFramework.LogInPage.login(LogInPage.java:67)
	at com.clogic.SeleniumFramework.ClassTest.login(ClassTest.java:77)
	at com.clogic.SeleniumFramework.ClassTest.searchLeadTest(ClassTest.java:400)
Caused by: org.openqa.selenium.remote.ErrorHandler$UnknownServerException: Session not found: fbb06980-2f0e-426c-a97c-d0f9c1dc6483
Build info: version: &apos;2.24.1&apos;, revision: &apos;17205&apos;, time: &apos;2012-06-19 16:53:24&apos;
System info: os.name: &apos;Windows Vista&apos;, os.arch: &apos;x86&apos;, os.version: &apos;6.0&apos;, java.version: &apos;1.6.0_33&apos;
Driver info: driver.version: unknown
	at &lt;anonymous class&gt;.&lt;anonymous method&gt;(file:///C:/Users/I3CLOGIC/AppData/Local/Temp/anonymous7524769907557674683webdriver-profile/extensions/fxdriver@googlecode.com/components/command_processor.js:10101)
	at &lt;anonymous class&gt;.&lt;anonymous method&gt;(file:///C:/Users/I3CLOGIC/AppData/Local/Temp/anonymous7524769907557674683webdriver-profile/extensions/fxdriver@googlecode.com/components/driver_component.js:5752)
	at &lt;anonymous class&gt;.&lt;anonymous method&gt;(file:///C:/Users/I3CLOGIC/AppData/Local/Temp/anonymous7524769907557674683webdriver-profile/extensions/fxdriver@googlecode.com/components/driver_component.js:5909)
	at &lt;anonymous class&gt;.&lt;anonymous method&gt;(file:///C:/Users/I3CLOGIC/AppData/Local/Temp/anonymous7524769907557674683webdriver-profile/extensions/fxdriver@googlecode.com/components/driver_component.js:5856)
	at &lt;anonymous class&gt;.&lt;anonymous method&gt;(file:///C:/Users/I3CLOGIC/AppData/Local/Temp/anonymous7524769907557674683webdriver-profile/extensions/fxdriver@googlecode.com/components/driver_component.js:9914)
	at &lt;anonymous class&gt;.&lt;anonymous method&gt;(file:///C:/Users/I3CLOGIC/AppData/Local/Temp/anonymous7524769907557674683webdriver-profile/extensions/fxdriver@googlecode.com/components/httpd.js:1935)
	at &lt;anonymous class&gt;.&lt;anonymous method&gt;(file:///C:/Users/I3CLOGIC/AppData/Local/Temp/anonymous7524769907557674683webdriver-profile/extensions/fxdriver@googlecode.com/components/httpd.js:2261)
	at &lt;anonymous class&gt;.&lt;anonymous method&gt;(file:///C:/Users/I3CLOGIC/AppData/Local/Temp/anonymous7524769907557674683webdriver-profile/extensions/fxdriver@googlecode.com/components/httpd.js:1168)
	at &lt;anonymous class&gt;.&lt;anonymous method&gt;(file:///C:/Users/I3CLOGIC/AppData/Local/Temp/anonymous7524769907557674683webdriver-profile/extensions/fxdriver@googlecode.com/components/httpd.js:1616)
	at &lt;anonymous class&gt;.&lt;anonymous method&gt;(file:///C:/Users/I3CLOGIC/AppData/Local/Temp/anonymous7524769907557674683webdriver-profile/extensions/fxdriver@googlecode.com/components/httpd.js:1464)
	at &lt;anonymous class&gt;.&lt;anonymous method&gt;(file:///C:/Users/I3CLOGIC/AppData/Local/Temp/anonymous7524769907557674683webdriver-profile/extensions/fxdriver@googlecode.com/components/httpd.js:1333)
... Removed 28 stack frames</pre></div><a href='#' onClick='toggleBox("stack-trace3093871", this, "Click to show all stack frames", "Click to hide stack frames")'>Click to show all stack frames</a>
<div class='stack-trace' id='stack-trace3093871'><pre>org.openqa.selenium.WebDriverException: Session not found: fbb06980-2f0e-426c-a97c-d0f9c1dc6483
Command duration or timeout: 18 milliseconds
Build info: version: &apos;2.24.1&apos;, revision: &apos;17205&apos;, time: &apos;2012-06-19 16:53:24&apos;
System info: os.name: &apos;Windows Vista&apos;, os.arch: &apos;x86&apos;, os.version: &apos;6.0&apos;, java.version: &apos;1.6.0_33&apos;
Driver info: driver.version: FirefoxDriver
Session ID: fbb06980-2f0e-426c-a97c-d0f9c1dc6483
	at sun.reflect.NativeConstructorAccessorImpl.newInstance0(Native Method)
	at sun.reflect.NativeConstructorAccessorImpl.newInstance(NativeConstructorAccessorImpl.java:39)
	at sun.reflect.DelegatingConstructorAccessorImpl.newInstance(DelegatingConstructorAccessorImpl.java:27)
	at java.lang.reflect.Constructor.newInstance(Constructor.java:513)
	at org.openqa.selenium.remote.ErrorHandler.createThrowable(ErrorHandler.java:188)
	at org.openqa.selenium.remote.ErrorHandler.throwIfResponseFailed(ErrorHandler.java:145)
	at org.openqa.selenium.remote.RemoteWebDriver.execute(RemoteWebDriver.java:472)
	at org.openqa.selenium.firefox.FirefoxDriver$$EnhancerByCGLIB$$bfbd1dfe.CGLIB$execute$55(&lt;generated&gt;)
	at org.openqa.selenium.firefox.FirefoxDriver$$EnhancerByCGLIB$$bfbd1dfe$$FastClassByCGLIB$$a3c9de78.invoke(&lt;generated&gt;)
	at net.sf.cglib.proxy.MethodProxy.invokeSuper(MethodProxy.java:167)
	at org.openqa.selenium.remote.Augmenter$CompoundHandler.intercept(Augmenter.java:261)
	at org.openqa.selenium.firefox.FirefoxDriver$$EnhancerByCGLIB$$bfbd1dfe.execute(&lt;generated&gt;)
	at org.openqa.selenium.remote.RemoteWebDriver.execute(RemoteWebDriver.java:476)
	at org.openqa.selenium.firefox.FirefoxDriver$$EnhancerByCGLIB$$bfbd1dfe.CGLIB$execute$54(&lt;generated&gt;)
	at org.openqa.selenium.firefox.FirefoxDriver$$EnhancerByCGLIB$$bfbd1dfe$$FastClassByCGLIB$$a3c9de78.invoke(&lt;generated&gt;)
	at net.sf.cglib.proxy.MethodProxy.invokeSuper(MethodProxy.java:167)
	at org.openqa.selenium.remote.Augmenter$CompoundHandler.intercept(Augmenter.java:261)
	at org.openqa.selenium.firefox.FirefoxDriver$$EnhancerByCGLIB$$bfbd1dfe.execute(&lt;generated&gt;)
	at org.openqa.selenium.firefox.FirefoxDriver.getScreenshotAs(FirefoxDriver.java:285)
	at org.openqa.selenium.firefox.FirefoxDriver$$EnhancerByCGLIB$$bfbd1dfe.CGLIB$getScreenshotAs$1(&lt;generated&gt;)
	at org.openqa.selenium.firefox.FirefoxDriver$$EnhancerByCGLIB$$bfbd1dfe$$FastClassByCGLIB$$a3c9de78.invoke(&lt;generated&gt;)
	at net.sf.cglib.proxy.MethodProxy.invokeSuper(MethodProxy.java:167)
	at org.openqa.selenium.remote.Augmenter$CompoundHandler.intercept(Augmenter.java:261)
	at org.openqa.selenium.firefox.FirefoxDriver$$EnhancerByCGLIB$$bfbd1dfe.getScreenshotAs(&lt;generated&gt;)
	at com.clogic.SeleniumFramework.BasicSetUp.captureScreen(BasicSetUp.java:122)
	at com.clogic.SeleniumFramework.LogInPage.login(LogInPage.java:67)
	at com.clogic.SeleniumFramework.ClassTest.login(ClassTest.java:77)
	at com.clogic.SeleniumFramework.ClassTest.searchLeadTest(ClassTest.java:400)
	at sun.reflect.NativeMethodAccessorImpl.invoke0(Native Method)
	at sun.reflect.NativeMethodAccessorImpl.invoke(NativeMethodAccessorImpl.java:39)
	at sun.reflect.DelegatingMethodAccessorImpl.invoke(DelegatingMethodAccessorImpl.java:25)
	at java.lang.reflect.Method.invoke(Method.java:597)
	at org.testng.internal.MethodInvocationHelper.invokeMethod(MethodInvocationHelper.java:80)
	at org.testng.internal.Invoker.invokeMethod(Invoker.java:715)
	at org.testng.internal.Invoker.invokeTestMethod(Invoker.java:907)
	at org.testng.internal.Invoker.invokeTestMethods(Invoker.java:1237)
	at org.testng.internal.TestMethodWorker.invokeTestMethods(TestMethodWorker.java:127)
	at org.testng.internal.TestMethodWorker.run(TestMethodWorker.java:111)
	at org.testng.TestRunner.privateRun(TestRunner.java:767)
	at org.testng.TestRunner.run(TestRunner.java:617)
	at org.testng.SuiteRunner.runTest(SuiteRunner.java:334)
	at org.testng.SuiteRunner.runSequentially(SuiteRunner.java:329)
	at org.testng.SuiteRunner.privateRun(SuiteRunner.java:291)
	at org.testng.SuiteRunner.run(SuiteRunner.java:240)
	at org.testng.SuiteRunnerWorker.runSuite(SuiteRunnerWorker.java:51)
	at org.testng.SuiteRunnerWorker.run(SuiteRunnerWorker.java:85)
	at org.testng.TestNG.runSuitesSequentially(TestNG.java:1197)
	at org.testng.TestNG.runSuitesLocally(TestNG.java:1122)
	at org.testng.TestNG.run(TestNG.java:1030)
	at org.testng.remote.RemoteTestNG.run(RemoteTestNG.java:111)
	at org.testng.remote.RemoteTestNG.initAndRun(RemoteTestNG.java:204)
	at org.testng.remote.RemoteTestNG.main(RemoteTestNG.java:175)
Caused by: org.openqa.selenium.remote.ErrorHandler$UnknownServerException: Session not found: fbb06980-2f0e-426c-a97c-d0f9c1dc6483
Build info: version: &apos;2.24.1&apos;, revision: &apos;17205&apos;, time: &apos;2012-06-19 16:53:24&apos;
System info: os.name: &apos;Windows Vista&apos;, os.arch: &apos;x86&apos;, os.version: &apos;6.0&apos;, java.version: &apos;1.6.0_33&apos;
Driver info: driver.version: unknown
	at &lt;anonymous class&gt;.&lt;anonymous method&gt;(file:///C:/Users/I3CLOGIC/AppData/Local/Temp/anonymous7524769907557674683webdriver-profile/extensions/fxdriver@googlecode.com/components/command_processor.js:10101)
	at &lt;anonymous class&gt;.&lt;anonymous method&gt;(file:///C:/Users/I3CLOGIC/AppData/Local/Temp/anonymous7524769907557674683webdriver-profile/extensions/fxdriver@googlecode.com/components/driver_component.js:5752)
	at &lt;anonymous class&gt;.&lt;anonymous method&gt;(file:///C:/Users/I3CLOGIC/AppData/Local/Temp/anonymous7524769907557674683webdriver-profile/extensions/fxdriver@googlecode.com/components/driver_component.js:5909)
	at &lt;anonymous class&gt;.&lt;anonymous method&gt;(file:///C:/Users/I3CLOGIC/AppData/Local/Temp/anonymous7524769907557674683webdriver-profile/extensions/fxdriver@googlecode.com/components/driver_component.js:5856)
	at &lt;anonymous class&gt;.&lt;anonymous method&gt;(file:///C:/Users/I3CLOGIC/AppData/Local/Temp/anonymous7524769907557674683webdriver-profile/extensions/fxdriver@googlecode.com/components/driver_component.js:9914)
	at &lt;anonymous class&gt;.&lt;anonymous method&gt;(file:///C:/Users/I3CLOGIC/AppData/Local/Temp/anonymous7524769907557674683webdriver-profile/extensions/fxdriver@googlecode.com/components/httpd.js:1935)
	at &lt;anonymous class&gt;.&lt;anonymous method&gt;(file:///C:/Users/I3CLOGIC/AppData/Local/Temp/anonymous7524769907557674683webdriver-profile/extensions/fxdriver@googlecode.com/components/httpd.js:2261)
	at &lt;anonymous class&gt;.&lt;anonymous method&gt;(file:///C:/Users/I3CLOGIC/AppData/Local/Temp/anonymous7524769907557674683webdriver-profile/extensions/fxdriver@googlecode.com/components/httpd.js:1168)
	at &lt;anonymous class&gt;.&lt;anonymous method&gt;(file:///C:/Users/I3CLOGIC/AppData/Local/Temp/anonymous7524769907557674683webdriver-profile/extensions/fxdriver@googlecode.com/components/httpd.js:1616)
	at &lt;anonymous class&gt;.&lt;anonymous method&gt;(file:///C:/Users/I3CLOGIC/AppData/Local/Temp/anonymous7524769907557674683webdriver-profile/extensions/fxdriver@googlecode.com/components/httpd.js:1464)
	at &lt;anonymous class&gt;.&lt;anonymous method&gt;(file:///C:/Users/I3CLOGIC/AppData/Local/Temp/anonymous7524769907557674683webdriver-profile/extensions/fxdriver@googlecode.com/components/httpd.js:1333)
</pre></div></td>
<td>32</td>
<td>com.clogic.SeleniumFramework.ClassTest@11c8a71</td></tr>
</table><p>
</body>
</html>